  function.cpp
C:\Users\yb\Desktop\git\고급컴퓨터프로그래밍(프로젝트)\project(29,20): warning C4018: '<': signed 또는 unsigned가 일치하지 않습니다.
C:\Users\yb\Desktop\git\고급컴퓨터프로그래밍(프로젝트)\project(35,20): warning C4018: '<': signed 또는 unsigned가 일치하지 않습니다.
C:\Users\yb\Desktop\git\고급컴퓨터프로그래밍(프로젝트)\project(41,20): warning C4018: '<': signed 또는 unsigned가 일치하지 않습니다.
C:\Users\yb\Desktop\git\고급컴퓨터프로그래밍(프로젝트)\project(56,22): warning C4018: '<': signed 또는 unsigned가 일치하지 않습니다.
C:\Users\yb\Desktop\git\고급컴퓨터프로그래밍(프로젝트)\project(94,20): warning C4018: '<': signed 또는 unsigned가 일치하지 않습니다.
C:\Users\yb\Desktop\git\고급컴퓨터프로그래밍(프로젝트)\project(114,20): warning C4018: '<': signed 또는 unsigned가 일치하지 않습니다.
C:\Users\yb\Desktop\git\고급컴퓨터프로그래밍(프로젝트)\project(115,23): warning C4018: '<': signed 또는 unsigned가 일치하지 않습니다.
C:\Users\yb\Desktop\git\고급컴퓨터프로그래밍(프로젝트)\project(128,20): warning C4018: '<': signed 또는 unsigned가 일치하지 않습니다.
C:\Users\yb\Desktop\git\고급컴퓨터프로그래밍(프로젝트)\project(129,23): warning C4018: '<': signed 또는 unsigned가 일치하지 않습니다.
C:\Users\yb\Desktop\git\고급컴퓨터프로그래밍(프로젝트)\project(139,20): warning C4018: '<': signed 또는 unsigned가 일치하지 않습니다.
C:\Users\yb\Desktop\git\고급컴퓨터프로그래밍(프로젝트)\project(146,20): warning C4018: '<': signed 또는 unsigned가 일치하지 않습니다.
C:\Users\yb\Desktop\git\고급컴퓨터프로그래밍(프로젝트)\project(147,39): warning C4244: '+=': 'double'에서 'int'(으)로 변환하면서 데이터가 손실될 수 있습니다.
C:\Users\yb\Desktop\git\고급컴퓨터프로그래밍(프로젝트)\project(166,22): warning C4018: '<': signed 또는 unsigned가 일치하지 않습니다.
C:\Users\yb\Desktop\git\고급컴퓨터프로그래밍(프로젝트)\project(172,22): warning C4018: '<': signed 또는 unsigned가 일치하지 않습니다.
C:\Users\yb\Desktop\git\고급컴퓨터프로그래밍(프로젝트)\project(178,22): warning C4018: '<': signed 또는 unsigned가 일치하지 않습니다.
  student.cpp
  main.cpp
  코드를 생성하고 있습니다...
  유영빈_2017035154_project.vcxproj -> C:\Users\yb\Desktop\git\고급컴퓨터프로그래밍(프로젝트)\project#2_sln\Debug\유영빈_2017035154_project.exe
